<?xml version="1.0" encoding="UTF-8"?>
<testsuite xmlns:xsi="http://www.w3.org/2001/XMLSchema-instance" xsi:noNamespaceSchemaLocation="https://maven.apache.org/surefire/maven-surefire-plugin/xsd/surefire-test-report-3.0.xsd" version="3.0" name="testFrais.TestCalculFrais" time="0.014" tests="2" errors="0" skipped="0" failures="0">
  <properties>
    <property name="awt.toolkit" value="sun.lwawt.macosx.LWCToolkit"/>
    <property name="jdk.extensions.version" value="8.0.402.0"/>
    <property name="file.encoding.pkg" value="sun.io"/>
    <property name="java.specification.version" value="1.8"/>
    <property name="sun.jnu.encoding" value="UTF-8"/>
    <property name="java.class.path" value="/Users/dominiquemereaux/eclipse-workspace2/testFrais/target/test-classes:/Users/dominiquemereaux/eclipse-workspace2/testFrais/target/classes:/Users/dominiquemereaux/.m2/repository/org/junit/jupiter/junit-jupiter-engine/5.5.2/junit-jupiter-engine-5.5.2.jar:/Users/dominiquemereaux/.m2/repository/org/apiguardian/apiguardian-api/1.1.0/apiguardian-api-1.1.0.jar:/Users/dominiquemereaux/.m2/repository/org/junit/platform/junit-platform-engine/1.5.2/junit-platform-engine-1.5.2.jar:/Users/dominiquemereaux/.m2/repository/org/opentest4j/opentest4j/1.2.0/opentest4j-1.2.0.jar:/Users/dominiquemereaux/.m2/repository/org/junit/platform/junit-platform-commons/1.5.2/junit-platform-commons-1.5.2.jar:/Users/dominiquemereaux/.m2/repository/org/junit/jupiter/junit-jupiter-api/5.5.2/junit-jupiter-api-5.5.2.jar:/Users/dominiquemereaux/.m2/repository/org/easymock/easymock/3.4/easymock-3.4.jar:/Users/dominiquemereaux/.m2/repository/org/objenesis/objenesis/2.2/objenesis-2.2.jar:"/>
    <property name="java.vm.vendor" value="Eclipse OpenJ9"/>
    <property name="com.ibm.zero.version" value="2"/>
    <property name="sun.arch.data.model" value="64"/>
    <property name="com.ibm.vm.bitmode" value="64"/>
    <property name="user.variant" value=""/>
    <property name="com.ibm.oti.vm.library.version" value="29"/>
    <property name="java.vendor.url" value="https://www.ibm.com/semeru-runtimes"/>
    <property name="user.timezone" value=""/>
    <property name="os.name" value="Mac OS X"/>
    <property name="java.vm.specification.version" value="1.8"/>
    <property name="sun.java.launcher" value="SUN_STANDARD"/>
    <property name="user.country" value="US"/>
    <property name="sun.boot.library.path" value="/Library/Java/JavaVirtualMachines/ibm-semeru-open-8.jdk/Contents/Home/jre/lib/default:/Library/Java/JavaVirtualMachines/ibm-semeru-open-8.jdk/Contents/Home/jre/lib"/>
    <property name="sun.java.command" value="/Users/dominiquemereaux/eclipse-workspace2/testFrais/target/surefire/surefirebooter-20250721103918317_3.jar /Users/dominiquemereaux/eclipse-workspace2/testFrais/target/surefire 2025-07-21T10-39-18_256-jvmRun1 surefire-20250721103918317_1tmp surefire_0-20250721103918317_2tmp"/>
    <property name="surefire.test.class.path" value="/Users/dominiquemereaux/eclipse-workspace2/testFrais/target/test-classes:/Users/dominiquemereaux/eclipse-workspace2/testFrais/target/classes:/Users/dominiquemereaux/.m2/repository/org/junit/jupiter/junit-jupiter-engine/5.5.2/junit-jupiter-engine-5.5.2.jar:/Users/dominiquemereaux/.m2/repository/org/apiguardian/apiguardian-api/1.1.0/apiguardian-api-1.1.0.jar:/Users/dominiquemereaux/.m2/repository/org/junit/platform/junit-platform-engine/1.5.2/junit-platform-engine-1.5.2.jar:/Users/dominiquemereaux/.m2/repository/org/opentest4j/opentest4j/1.2.0/opentest4j-1.2.0.jar:/Users/dominiquemereaux/.m2/repository/org/junit/platform/junit-platform-commons/1.5.2/junit-platform-commons-1.5.2.jar:/Users/dominiquemereaux/.m2/repository/org/junit/jupiter/junit-jupiter-api/5.5.2/junit-jupiter-api-5.5.2.jar:/Users/dominiquemereaux/.m2/repository/org/easymock/easymock/3.4/easymock-3.4.jar:/Users/dominiquemereaux/.m2/repository/org/objenesis/objenesis/2.2/objenesis-2.2.jar:"/>
    <property name="sun.cpu.endian" value="little"/>
    <property name="user.home" value="/Users/dominiquemereaux"/>
    <property name="user.language" value="en"/>
    <property name="java.specification.vendor" value="Oracle Corporation"/>
    <property name="java.home" value="/Library/Java/JavaVirtualMachines/ibm-semeru-open-8.jdk/Contents/Home/jre"/>
    <property name="ibm.signalhandling.rs" value="false"/>
    <property name="style.color" value="always"/>
    <property name="file.separator" value="/"/>
    <property name="jdk.extensions.name" value="Extensions for OpenJDK for Eclipse OpenJ9"/>
    <property name="basedir" value="/Users/dominiquemereaux/eclipse-workspace2/testFrais"/>
    <property name="line.separator" value="&#10;"/>
    <property name="java.vm.specification.vendor" value="Oracle Corporation"/>
    <property name="java.specification.name" value="Java Platform API Specification"/>
    <property name="java.compiler" value="j9jit29"/>
    <property name="com.ibm.util.extralibs.properties" value=""/>
    <property name="java.awt.graphicsenv" value="sun.awt.CGraphicsEnvironment"/>
    <property name="com.ibm.oti.configuration" value="scar"/>
    <property name="surefire.real.class.path" value="/Users/dominiquemereaux/eclipse-workspace2/testFrais/target/surefire/surefirebooter-20250721103918317_3.jar:/Users/dominiquemereaux/.m2/repository/org/jacoco/org.jacoco.agent/0.8.2/org.jacoco.agent-0.8.2-runtime.jar"/>
    <property name="com.ibm.oti.shared.enabled" value="false"/>
    <property name="sun.boot.class.path" value="/Library/Java/JavaVirtualMachines/ibm-semeru-open-8.jdk/Contents/Home/jre/lib/default/jclSC180/vm.jar:/Library/Java/JavaVirtualMachines/ibm-semeru-open-8.jdk/Contents/Home/jre/lib/se-service.jar:/Library/Java/JavaVirtualMachines/ibm-semeru-open-8.jdk/Contents/Home/jre/lib/rt.jar:/Library/Java/JavaVirtualMachines/ibm-semeru-open-8.jdk/Contents/Home/jre/lib/resources.jar:/Library/Java/JavaVirtualMachines/ibm-semeru-open-8.jdk/Contents/Home/jre/lib/jsse.jar:/Library/Java/JavaVirtualMachines/ibm-semeru-open-8.jdk/Contents/Home/jre/lib/charsets.jar:/Library/Java/JavaVirtualMachines/ibm-semeru-open-8.jdk/Contents/Home/jre/lib/jce.jar"/>
    <property name="com.ibm.oti.vm.bootstrap.library.path" value="/Library/Java/JavaVirtualMachines/ibm-semeru-open-8.jdk/Contents/Home/jre/lib/default:/Library/Java/JavaVirtualMachines/ibm-semeru-open-8.jdk/Contents/Home/jre/lib"/>
    <property name="com.ibm.cpu.endian" value="little"/>
    <property name="java.fullversion" value="1.8.0_402-b06&#10;JRE 1.8.0 Mac OS X amd64-64-Bit Compressed References 20240131_892 (JIT enabled, AOT enabled)&#10;OpenJ9   - 2c3d78b48&#10;OMR      - ea8124dbc&#10;JCL      - 0fa9d9c532 based on jdk8u402-b06"/>
    <property name="java.runtime.version" value="1.8.0_402-b06"/>
    <property name="user.name" value="dominiquemereaux"/>
    <property name="path.separator" value=":"/>
    <property name="os.version" value="15.5"/>
    <property name="java.endorsed.dirs" value="/Library/Java/JavaVirtualMachines/ibm-semeru-open-8.jdk/Contents/Home/jre/lib/endorsed"/>
    <property name="java.runtime.name" value="IBM Semeru Runtime Open Edition"/>
    <property name="ibm.signalhandling.sigint" value="true"/>
    <property name="file.encoding" value="UTF-8"/>
    <property name="java.vm.name" value="Eclipse OpenJ9 VM"/>
    <property name="ibm.signalhandling.sigchain" value="true"/>
    <property name="localRepository" value="/Users/dominiquemereaux/.m2/repository"/>
    <property name="java.io.tmpdir" value="/var/folders/3b/z_3bn4n12j59v3g7l9pm1x8r0000gn/T/"/>
    <property name="java.version" value="1.8.0_402"/>
    <property name="com.ibm.system.agent.path" value="/Library/Java/JavaVirtualMachines/ibm-semeru-open-8.jdk/Contents/Home/jre/lib"/>
    <property name="user.dir" value="/Users/dominiquemereaux/eclipse-workspace2/testFrais"/>
    <property name="os.arch" value="x86_64"/>
    <property name="java.vm.specification.name" value="Java Virtual Machine Specification"/>
    <property name="java.awt.printerjob" value="sun.lwawt.macosx.CPrinterJob"/>
    <property name="os.encoding" value="UTF-8"/>
    <property name="java.library.path" value="/Library/Java/JavaVirtualMachines/ibm-semeru-open-8.jdk/Contents/Home/jre/lib/default:/Library/Java/JavaVirtualMachines/ibm-semeru-open-8.jdk/Contents/Home/jre/lib:/usr/lib"/>
    <property name="java.vendor" value="IBM Corporation"/>
    <property name="java.vm.info" value="JRE 1.8.0 Mac OS X amd64-64-Bit Compressed References 20240131_892 (JIT enabled, AOT enabled)&#10;OpenJ9   - 2c3d78b48&#10;OMR      - ea8124dbc&#10;JCL      - 0fa9d9c532 based on jdk8u402-b06"/>
    <property name="java.vm.version" value="openj9-0.43.0"/>
    <property name="com.ibm.jcl.checkClassPath" value=""/>
    <property name="java.specification.maintenance.version" value="5"/>
    <property name="ibm.system.encoding" value="UTF-8"/>
    <property name="sun.io.unicode.encoding" value="UnicodeLittle"/>
    <property name="java.ext.dirs" value="/Library/Java/JavaVirtualMachines/ibm-semeru-open-8.jdk/Contents/Home/jre/lib/ext"/>
    <property name="java.class.version" value="52.0"/>
  </properties>
  <testcase name="test" classname="testFrais.TestCalculFrais" time="0.008"/>
  <testcase name="test2" classname="testFrais.TestCalculFrais" time="0.003"/>
</testsuite>